
Current input numbers: 
    5   29   12   16   25   36   18   37
   27   49   34   40   20    3   48   50
   26   19   33   41    6   22    8   13
   15   43   28    7   46   45   31   39
   14   38    4   17   30   44   10   23
    9   24   21   35    2   11   32    1
   47   42

Building a min heap...
Min heap: 
    1    2    3    4    6   12    5   14
   10    9    8   13   20    7   31   16
   26   17   27   23   21   22   11   36
   15   43   28   18   46   45   48   39
   50   38   37   19   30   44   33   29
   41   24   49   35   34   25   32   40
   47   42
Heap sort result (in ascending order): 
    1    2    3    4    5    6    7    8
    9   10   11   12   13   14   15   16
   17   18   19   20   21   22   23   24
   25   26   27   28   29   30   31   32
   33   34   35   36   37   38   39   40
   41   42   43   44   45   46   47   48
   49   50

Building a max heap...
Max heap: 
   50   47   49   39   46   48   31   35
   38   43   45   25   27   29   30   33
   34   37   19   41   42   44   23   24
   12   26   13   28   14    7   15   32
   16    8   17   36   18    9    4   40
   20   10   21    2   22   11    5    6
    3    1
Heap sort result (in descending order): 
   50   49   48   47   46   45   44   43
   42   41   40   39   38   37   36   35
   34   33   32   31   30   29   28   27
   26   25   24   23   22   21   20   19
   18   17   16   15   14   13   12   11
   10    9    8    7    6    5    4    3
    2    1
