Please input lower bound and upper bound and hit enter (e.g. 10 100):

There are 25 prime numbers between 1 and 100:
   2    3    5    7   11   13 
  17   19   23   29   31   37 
  41   43   47   53   59   61 
  67   71   73   79   83   89 
  97 

Do you want to continue or not? Please answer yes or no and hit enter: 
Please input lower bound and upper bound and hit enter (e.g. 10 100):

There are 5 prime numbers between 30 and 50:
  31   37   41   43   47 

Do you want to continue or not? Please answer yes or no and hit enter: 
Please input lower bound and upper bound and hit enter (e.g. 10 100):

There are 32 prime numbers between 200 and 400:
 211  223  227  229  233  239 
 241  251  257  263  269  271 
 277  281  283  293  307  311 
 313  317  331  337  347  349 
 353  359  367  373  379  383 
 389  397 

Do you want to continue or not? Please answer yes or no and hit enter: 
